mai. 20, 2025 3:00:00 PM liquibase.changelog
INFORMA합ES: Reading resource: db/changelog/migrations/db.changelog-202505200152.sql
mai. 20, 2025 3:00:00 PM liquibase.changelog
INFORMA합ES: Reading resource: db/changelog/migrations/db.changelog-202505200203.sql
mai. 20, 2025 3:00:00 PM liquibase.changelog
INFORMA합ES: Reading resource: db/changelog/migrations/db.changelog-202505200209.sql
mai. 20, 2025 3:00:00 PM liquibase.changelog
INFORMA합ES: Reading resource: db/changelog/migrations/db.changelog-202505200210.sql
mai. 20, 2025 3:00:00 PM liquibase.changelog
INFORMA합ES: Reading resource: db/changelog/migrations/db.changelog-202505201458.sql
mai. 20, 2025 3:00:00 PM liquibase.changelog
INFORMA합ES: Reading from board.databasechangelog
mai. 20, 2025 3:00:00 PM liquibase.changelog
INFORMA합ES: Change failed validation!
mai. 20, 2025 3:00:00 PM liquibase.command
INFORMA합ES: Logging exception.
ERROR: Exception Details
ERROR: Exception Primary Class:  ValidationFailedException
ERROR: Exception Primary Reason:  Validation Failed:
     1 changesets check sum
          db/changelog/migrations/db.changelog-202505201458.sql::202505201458::rodrigo was: 9:31d9b287f43e068cca44cb25cbae6558 but is now: 9:9e0132006b74e07e230be215fb9b25f5

ERROR: Exception Primary Source:  4.29.1
mai. 20, 2025 3:00:00 PM liquibase.command
INFORMA합ES: Command execution complete
liquibase.exception.CommandExecutionException: liquibase.exception.ValidationFailedException: Validation Failed:
     1 changesets check sum
          db/changelog/migrations/db.changelog-202505201458.sql::202505201458::rodrigo was: 9:31d9b287f43e068cca44cb25cbae6558 but is now: 9:9e0132006b74e07e230be215fb9b25f5

	at liquibase.command.CommandScope.execute(CommandScope.java:258)
	at liquibase.Liquibase.lambda$update$0(Liquibase.java:216)
	at liquibase.Scope.lambda$child$0(Scope.java:191)
	at liquibase.Scope.child(Scope.java:200)
	at liquibase.Scope.child(Scope.java:190)
	at liquibase.Scope.child(Scope.java:169)
	at liquibase.Liquibase.runInScope(Liquibase.java:1290)
	at liquibase.Liquibase.update(Liquibase.java:205)
	at liquibase.Liquibase.update(Liquibase.java:188)
	at liquibase.Liquibase.update(Liquibase.java:175)
	at liquibase.Liquibase.update(Liquibase.java:155)
	at br.com.dio.persistence.migration.MigrationStrategy.executeMigration(MigrationStrategy.java:35)
	at br.com.dio.Main.main(Main.java:13)
Caused by: liquibase.exception.ValidationFailedException: Validation Failed:
     1 changesets check sum
          db/changelog/migrations/db.changelog-202505201458.sql::202505201458::rodrigo was: 9:31d9b287f43e068cca44cb25cbae6558 but is now: 9:9e0132006b74e07e230be215fb9b25f5

	at liquibase.changelog.DatabaseChangeLog.validate(DatabaseChangeLog.java:393)
	at liquibase.command.core.helpers.DatabaseChangelogCommandStep.run(DatabaseChangelogCommandStep.java:92)
	at liquibase.command.CommandScope.execute(CommandScope.java:220)
	... 12 more
